Warning[205] C:\USERS\LUIZG\DOCUMENTS\6∞PERÌODO\MICROCONTROLADORES\EXERCICIO2.X\MAIN.ASM 11 : Found directive in column 1. (__CONFIG)
Warning[205] C:\USERS\LUIZG\DOCUMENTS\6∞PERÌODO\MICROCONTROLADORES\EXERCICIO2.X\MAIN.ASM 29 : Found directive in column 1. (CBLOCK)
Warning[205] C:\USERS\LUIZG\DOCUMENTS\6∞PERÌODO\MICROCONTROLADORES\EXERCICIO2.X\MAIN.ASM 36 : Found directive in column 1. (ENDC)
Warning[205] C:\USERS\LUIZG\DOCUMENTS\6∞PERÌODO\MICROCONTROLADORES\EXERCICIO2.X\MAIN.ASM 77 : Found directive in column 1. (ORG)
Warning[203] C:\USERS\LUIZG\DOCUMENTS\6∞PERÌODO\MICROCONTROLADORES\EXERCICIO2.X\MAIN.ASM 78 : Found opcode in column 1. (GOTO)
Warning[205] C:\USERS\LUIZG\DOCUMENTS\6∞PERÌODO\MICROCONTROLADORES\EXERCICIO2.X\MAIN.ASM 87 : Found directive in column 1. (ORG)
Warning[203] C:\USERS\LUIZG\DOCUMENTS\6∞PERÌODO\MICROCONTROLADORES\EXERCICIO2.X\MAIN.ASM 89 : Found opcode in column 1. (MOVWF)
Warning[203] C:\USERS\LUIZG\DOCUMENTS\6∞PERÌODO\MICROCONTROLADORES\EXERCICIO2.X\MAIN.ASM 90 : Found opcode in column 1. (SWAPF)
Warning[203] C:\USERS\LUIZG\DOCUMENTS\6∞PERÌODO\MICROCONTROLADORES\EXERCICIO2.X\MAIN.ASM 92 : Found opcode in column 1. (MOVWF)
Warning[203] C:\USERS\LUIZG\DOCUMENTS\6∞PERÌODO\MICROCONTROLADORES\EXERCICIO2.X\MAIN.ASM 94 : Found opcode in column 1. (BTFSS)
Warning[203] C:\USERS\LUIZG\DOCUMENTS\6∞PERÌODO\MICROCONTROLADORES\EXERCICIO2.X\MAIN.ASM 95 : Found opcode in column 1. (GOTO)
Warning[203] C:\USERS\LUIZG\DOCUMENTS\6∞PERÌODO\MICROCONTROLADORES\EXERCICIO2.X\MAIN.ASM 96 : Found opcode in column 1. (GOTO)
Warning[203] C:\USERS\LUIZG\DOCUMENTS\6∞PERÌODO\MICROCONTROLADORES\EXERCICIO2.X\MAIN.ASM 99 : Found opcode in column 1. (SWAPF)
Warning[203] C:\USERS\LUIZG\DOCUMENTS\6∞PERÌODO\MICROCONTROLADORES\EXERCICIO2.X\MAIN.ASM 100 : Found opcode in column 1. (MOVWF)
Warning[203] C:\USERS\LUIZG\DOCUMENTS\6∞PERÌODO\MICROCONTROLADORES\EXERCICIO2.X\MAIN.ASM 101 : Found opcode in column 1. (SWAPF)
Warning[203] C:\USERS\LUIZG\DOCUMENTS\6∞PERÌODO\MICROCONTROLADORES\EXERCICIO2.X\MAIN.ASM 102 : Found opcode in column 1. (SWAPF)
Warning[203] C:\USERS\LUIZG\DOCUMENTS\6∞PERÌODO\MICROCONTROLADORES\EXERCICIO2.X\MAIN.ASM 106 : Found opcode in column 1. (BCF)
Warning[203] C:\USERS\LUIZG\DOCUMENTS\6∞PERÌODO\MICROCONTROLADORES\EXERCICIO2.X\MAIN.ASM 107 : Found opcode in column 1. (RETFIE)
Warning[203] C:\USERS\LUIZG\DOCUMENTS\6∞PERÌODO\MICROCONTROLADORES\EXERCICIO2.X\MAIN.ASM 117 : Found opcode in column 1. (BSF)
Warning[203] C:\USERS\LUIZG\DOCUMENTS\6∞PERÌODO\MICROCONTROLADORES\EXERCICIO2.X\MAIN.ASM 118 : Found opcode in column 1. (MOVLW)
Warning[203] C:\USERS\LUIZG\DOCUMENTS\6∞PERÌODO\MICROCONTROLADORES\EXERCICIO2.X\MAIN.ASM 119 : Found opcode in column 1. (MOVWF)
Message[302] C:\USERS\LUIZG\DOCUMENTS\6∞PERÌODO\MICROCONTROLADORES\EXERCICIO2.X\MAIN.ASM 119 : Register in operand not in bank 0.  Ensure that bank bits are correct.
Warning[203] C:\USERS\LUIZG\DOCUMENTS\6∞PERÌODO\MICROCONTROLADORES\EXERCICIO2.X\MAIN.ASM 121 : Found opcode in column 1. (MOVLW)
Warning[203] C:\USERS\LUIZG\DOCUMENTS\6∞PERÌODO\MICROCONTROLADORES\EXERCICIO2.X\MAIN.ASM 122 : Found opcode in column 1. (MOVWF)
Message[302] C:\USERS\LUIZG\DOCUMENTS\6∞PERÌODO\MICROCONTROLADORES\EXERCICIO2.X\MAIN.ASM 122 : Register in operand not in bank 0.  Ensure that bank bits are correct.
Warning[203] C:\USERS\LUIZG\DOCUMENTS\6∞PERÌODO\MICROCONTROLADORES\EXERCICIO2.X\MAIN.ASM 125 : Found opcode in column 1. (MOVLW)
Warning[203] C:\USERS\LUIZG\DOCUMENTS\6∞PERÌODO\MICROCONTROLADORES\EXERCICIO2.X\MAIN.ASM 126 : Found opcode in column 1. (MOVWF)
Message[302] C:\USERS\LUIZG\DOCUMENTS\6∞PERÌODO\MICROCONTROLADORES\EXERCICIO2.X\MAIN.ASM 126 : Register in operand not in bank 0.  Ensure that bank bits are correct.
Warning[203] C:\USERS\LUIZG\DOCUMENTS\6∞PERÌODO\MICROCONTROLADORES\EXERCICIO2.X\MAIN.ASM 129 : Found opcode in column 1. (MOVLW)
Warning[203] C:\USERS\LUIZG\DOCUMENTS\6∞PERÌODO\MICROCONTROLADORES\EXERCICIO2.X\MAIN.ASM 130 : Found opcode in column 1. (MOVWF)
Warning[203] C:\USERS\LUIZG\DOCUMENTS\6∞PERÌODO\MICROCONTROLADORES\EXERCICIO2.X\MAIN.ASM 132 : Found opcode in column 1. (BCF)
Warning[203] C:\USERS\LUIZG\DOCUMENTS\6∞PERÌODO\MICROCONTROLADORES\EXERCICIO2.X\MAIN.ASM 137 : Found opcode in column 1. (CLRF)
Warning[203] C:\USERS\LUIZG\DOCUMENTS\6∞PERÌODO\MICROCONTROLADORES\EXERCICIO2.X\MAIN.ASM 138 : Found opcode in column 1. (CLRF)
Warning[203] C:\USERS\LUIZG\DOCUMENTS\6∞PERÌODO\MICROCONTROLADORES\EXERCICIO2.X\MAIN.ASM 140 : Found opcode in column 1. (MOVLW)
Warning[203] C:\USERS\LUIZG\DOCUMENTS\6∞PERÌODO\MICROCONTROLADORES\EXERCICIO2.X\MAIN.ASM 141 : Found opcode in column 1. (MOVWF)
Warning[203] C:\USERS\LUIZG\DOCUMENTS\6∞PERÌODO\MICROCONTROLADORES\EXERCICIO2.X\MAIN.ASM 148 : Found opcode in column 1. (MOVF)
Warning[203] C:\USERS\LUIZG\DOCUMENTS\6∞PERÌODO\MICROCONTROLADORES\EXERCICIO2.X\MAIN.ASM 149 : Found opcode in column 1. (MOVWF)
Warning[203] C:\USERS\LUIZG\DOCUMENTS\6∞PERÌODO\MICROCONTROLADORES\EXERCICIO2.X\MAIN.ASM 151 : Found opcode in column 1. (MOVLW)
Warning[203] C:\USERS\LUIZG\DOCUMENTS\6∞PERÌODO\MICROCONTROLADORES\EXERCICIO2.X\MAIN.ASM 152 : Found opcode in column 1. (MOVWF)
Warning[203] C:\USERS\LUIZG\DOCUMENTS\6∞PERÌODO\MICROCONTROLADORES\EXERCICIO2.X\MAIN.ASM 156 : Found opcode in column 1. (BTFSC)
Warning[203] C:\USERS\LUIZG\DOCUMENTS\6∞PERÌODO\MICROCONTROLADORES\EXERCICIO2.X\MAIN.ASM 157 : Found opcode in column 1. (GOTO)
Warning[203] C:\USERS\LUIZG\DOCUMENTS\6∞PERÌODO\MICROCONTROLADORES\EXERCICIO2.X\MAIN.ASM 159 : Found opcode in column 1. (DECFSZ)
Warning[203] C:\USERS\LUIZG\DOCUMENTS\6∞PERÌODO\MICROCONTROLADORES\EXERCICIO2.X\MAIN.ASM 160 : Found opcode in column 1. (GOTO)
Warning[203] C:\USERS\LUIZG\DOCUMENTS\6∞PERÌODO\MICROCONTROLADORES\EXERCICIO2.X\MAIN.ASM 164 : Found opcode in column 1. (BTFSS)
Warning[203] C:\USERS\LUIZG\DOCUMENTS\6∞PERÌODO\MICROCONTROLADORES\EXERCICIO2.X\MAIN.ASM 165 : Found opcode in column 1. (GOTO)
Warning[203] C:\USERS\LUIZG\DOCUMENTS\6∞PERÌODO\MICROCONTROLADORES\EXERCICIO2.X\MAIN.ASM 169 : Found opcode in column 1. (DECF)
Warning[203] C:\USERS\LUIZG\DOCUMENTS\6∞PERÌODO\MICROCONTROLADORES\EXERCICIO2.X\MAIN.ASM 171 : Found opcode in column 1. (MOVLW)
Warning[203] C:\USERS\LUIZG\DOCUMENTS\6∞PERÌODO\MICROCONTROLADORES\EXERCICIO2.X\MAIN.ASM 172 : Found opcode in column 1. (SUBWF)
Warning[203] C:\USERS\LUIZG\DOCUMENTS\6∞PERÌODO\MICROCONTROLADORES\EXERCICIO2.X\MAIN.ASM 174 : Found opcode in column 1. (BTFSC)
Warning[203] C:\USERS\LUIZG\DOCUMENTS\6∞PERÌODO\MICROCONTROLADORES\EXERCICIO2.X\MAIN.ASM 175 : Found opcode in column 1. (BCF)
Warning[203] C:\USERS\LUIZG\DOCUMENTS\6∞PERÌODO\MICROCONTROLADORES\EXERCICIO2.X\MAIN.ASM 176 : Found opcode in column 1. (GOTO)
Warning[203] C:\USERS\LUIZG\DOCUMENTS\6∞PERÌODO\MICROCONTROLADORES\EXERCICIO2.X\MAIN.ASM 180 : Found opcode in column 1. (INCF)
Warning[203] C:\USERS\LUIZG\DOCUMENTS\6∞PERÌODO\MICROCONTROLADORES\EXERCICIO2.X\MAIN.ASM 181 : Found opcode in column 1. (MOVLW)
Warning[203] C:\USERS\LUIZG\DOCUMENTS\6∞PERÌODO\MICROCONTROLADORES\EXERCICIO2.X\MAIN.ASM 182 : Found opcode in column 1. (SUBWF)
Warning[203] C:\USERS\LUIZG\DOCUMENTS\6∞PERÌODO\MICROCONTROLADORES\EXERCICIO2.X\MAIN.ASM 183 : Found opcode in column 1. (BTFSC)
Warning[203] C:\USERS\LUIZG\DOCUMENTS\6∞PERÌODO\MICROCONTROLADORES\EXERCICIO2.X\MAIN.ASM 184 : Found opcode in column 1. (BSF)
Warning[203] C:\USERS\LUIZG\DOCUMENTS\6∞PERÌODO\MICROCONTROLADORES\EXERCICIO2.X\MAIN.ASM 188 : Found opcode in column 1. (MOVF)
Warning[203] C:\USERS\LUIZG\DOCUMENTS\6∞PERÌODO\MICROCONTROLADORES\EXERCICIO2.X\MAIN.ASM 189 : Found opcode in column 1. (MOVWF)
Warning[203] C:\USERS\LUIZG\DOCUMENTS\6∞PERÌODO\MICROCONTROLADORES\EXERCICIO2.X\MAIN.ASM 190 : Found opcode in column 1. (BTFSS)
Warning[203] C:\USERS\LUIZG\DOCUMENTS\6∞PERÌODO\MICROCONTROLADORES\EXERCICIO2.X\MAIN.ASM 191 : Found opcode in column 1. (GOTO)
Warning[203] C:\USERS\LUIZG\DOCUMENTS\6∞PERÌODO\MICROCONTROLADORES\EXERCICIO2.X\MAIN.ASM 192 : Found opcode in column 1. (GOTO)
Warning[203] C:\USERS\LUIZG\DOCUMENTS\6∞PERÌODO\MICROCONTROLADORES\EXERCICIO2.X\MAIN.ASM 195 : Found opcode in column 1. (BCF)
Warning[203] C:\USERS\LUIZG\DOCUMENTS\6∞PERÌODO\MICROCONTROLADORES\EXERCICIO2.X\MAIN.ASM 196 : Found opcode in column 1. (GOTO)
Warning[203] C:\USERS\LUIZG\DOCUMENTS\6∞PERÌODO\MICROCONTROLADORES\EXERCICIO2.X\MAIN.ASM 199 : Found opcode in column 1. (BSF)
Warning[203] C:\USERS\LUIZG\DOCUMENTS\6∞PERÌODO\MICROCONTROLADORES\EXERCICIO2.X\MAIN.ASM 200 : Found opcode in column 1. (GOTO)
Warning[205] C:\USERS\LUIZG\DOCUMENTS\6∞PERÌODO\MICROCONTROLADORES\EXERCICIO2.X\MAIN.ASM 206 : Found directive in column 1. (END)
