Warning[205] C:\USERS\LUIZG\DOCUMENTS\6∞PERÌODO\MICROCONTROLADORES\EXERCICIO3.X\MAIN.ASM 8 : Found directive in column 1. (__CONFIG)
Warning[205] C:\USERS\LUIZG\DOCUMENTS\6∞PERÌODO\MICROCONTROLADORES\EXERCICIO3.X\MAIN.ASM 26 : Found directive in column 1. (CBLOCK)
Warning[205] C:\USERS\LUIZG\DOCUMENTS\6∞PERÌODO\MICROCONTROLADORES\EXERCICIO3.X\MAIN.ASM 36 : Found directive in column 1. (ENDC)
Warning[205] C:\USERS\LUIZG\DOCUMENTS\6∞PERÌODO\MICROCONTROLADORES\EXERCICIO3.X\MAIN.ASM 77 : Found directive in column 1. (ORG)
Warning[203] C:\USERS\LUIZG\DOCUMENTS\6∞PERÌODO\MICROCONTROLADORES\EXERCICIO3.X\MAIN.ASM 78 : Found opcode in column 1. (GOTO)
Warning[205] C:\USERS\LUIZG\DOCUMENTS\6∞PERÌODO\MICROCONTROLADORES\EXERCICIO3.X\MAIN.ASM 87 : Found directive in column 1. (ORG)
Warning[203] C:\USERS\LUIZG\DOCUMENTS\6∞PERÌODO\MICROCONTROLADORES\EXERCICIO3.X\MAIN.ASM 89 : Found opcode in column 1. (MOVWF)
Warning[203] C:\USERS\LUIZG\DOCUMENTS\6∞PERÌODO\MICROCONTROLADORES\EXERCICIO3.X\MAIN.ASM 90 : Found opcode in column 1. (SWAPF)
Warning[203] C:\USERS\LUIZG\DOCUMENTS\6∞PERÌODO\MICROCONTROLADORES\EXERCICIO3.X\MAIN.ASM 92 : Found opcode in column 1. (MOVWF)
Warning[203] C:\USERS\LUIZG\DOCUMENTS\6∞PERÌODO\MICROCONTROLADORES\EXERCICIO3.X\MAIN.ASM 96 : Found opcode in column 1. (BTFSS)
Warning[203] C:\USERS\LUIZG\DOCUMENTS\6∞PERÌODO\MICROCONTROLADORES\EXERCICIO3.X\MAIN.ASM 97 : Found opcode in column 1. (GOTO)
Warning[203] C:\USERS\LUIZG\DOCUMENTS\6∞PERÌODO\MICROCONTROLADORES\EXERCICIO3.X\MAIN.ASM 98 : Found opcode in column 1. (GOTO)
Warning[203] C:\USERS\LUIZG\DOCUMENTS\6∞PERÌODO\MICROCONTROLADORES\EXERCICIO3.X\MAIN.ASM 102 : Found opcode in column 1. (SWAPF)
Warning[203] C:\USERS\LUIZG\DOCUMENTS\6∞PERÌODO\MICROCONTROLADORES\EXERCICIO3.X\MAIN.ASM 103 : Found opcode in column 1. (MOVWF)
Warning[203] C:\USERS\LUIZG\DOCUMENTS\6∞PERÌODO\MICROCONTROLADORES\EXERCICIO3.X\MAIN.ASM 104 : Found opcode in column 1. (SWAPF)
Warning[203] C:\USERS\LUIZG\DOCUMENTS\6∞PERÌODO\MICROCONTROLADORES\EXERCICIO3.X\MAIN.ASM 105 : Found opcode in column 1. (SWAPF)
Warning[203] C:\USERS\LUIZG\DOCUMENTS\6∞PERÌODO\MICROCONTROLADORES\EXERCICIO3.X\MAIN.ASM 109 : Found opcode in column 1. (BCF)
Warning[203] C:\USERS\LUIZG\DOCUMENTS\6∞PERÌODO\MICROCONTROLADORES\EXERCICIO3.X\MAIN.ASM 110 : Found opcode in column 1. (RETFIE)
Warning[203] C:\USERS\LUIZG\DOCUMENTS\6∞PERÌODO\MICROCONTROLADORES\EXERCICIO3.X\MAIN.ASM 120 : Found opcode in column 1. (BSF)
Warning[203] C:\USERS\LUIZG\DOCUMENTS\6∞PERÌODO\MICROCONTROLADORES\EXERCICIO3.X\MAIN.ASM 121 : Found opcode in column 1. (MOVLW)
Warning[203] C:\USERS\LUIZG\DOCUMENTS\6∞PERÌODO\MICROCONTROLADORES\EXERCICIO3.X\MAIN.ASM 122 : Found opcode in column 1. (MOVWF)
Message[302] C:\USERS\LUIZG\DOCUMENTS\6∞PERÌODO\MICROCONTROLADORES\EXERCICIO3.X\MAIN.ASM 122 : Register in operand not in bank 0.  Ensure that bank bits are correct.
Warning[203] C:\USERS\LUIZG\DOCUMENTS\6∞PERÌODO\MICROCONTROLADORES\EXERCICIO3.X\MAIN.ASM 124 : Found opcode in column 1. (MOVLW)
Warning[203] C:\USERS\LUIZG\DOCUMENTS\6∞PERÌODO\MICROCONTROLADORES\EXERCICIO3.X\MAIN.ASM 125 : Found opcode in column 1. (MOVWF)
Message[302] C:\USERS\LUIZG\DOCUMENTS\6∞PERÌODO\MICROCONTROLADORES\EXERCICIO3.X\MAIN.ASM 125 : Register in operand not in bank 0.  Ensure that bank bits are correct.
Warning[203] C:\USERS\LUIZG\DOCUMENTS\6∞PERÌODO\MICROCONTROLADORES\EXERCICIO3.X\MAIN.ASM 128 : Found opcode in column 1. (MOVLW)
Warning[203] C:\USERS\LUIZG\DOCUMENTS\6∞PERÌODO\MICROCONTROLADORES\EXERCICIO3.X\MAIN.ASM 129 : Found opcode in column 1. (MOVWF)
Message[302] C:\USERS\LUIZG\DOCUMENTS\6∞PERÌODO\MICROCONTROLADORES\EXERCICIO3.X\MAIN.ASM 129 : Register in operand not in bank 0.  Ensure that bank bits are correct.
Warning[203] C:\USERS\LUIZG\DOCUMENTS\6∞PERÌODO\MICROCONTROLADORES\EXERCICIO3.X\MAIN.ASM 132 : Found opcode in column 1. (MOVLW)
Warning[203] C:\USERS\LUIZG\DOCUMENTS\6∞PERÌODO\MICROCONTROLADORES\EXERCICIO3.X\MAIN.ASM 133 : Found opcode in column 1. (MOVWF)
Warning[203] C:\USERS\LUIZG\DOCUMENTS\6∞PERÌODO\MICROCONTROLADORES\EXERCICIO3.X\MAIN.ASM 135 : Found opcode in column 1. (BCF)
Warning[203] C:\USERS\LUIZG\DOCUMENTS\6∞PERÌODO\MICROCONTROLADORES\EXERCICIO3.X\MAIN.ASM 140 : Found opcode in column 1. (CLRF)
Warning[203] C:\USERS\LUIZG\DOCUMENTS\6∞PERÌODO\MICROCONTROLADORES\EXERCICIO3.X\MAIN.ASM 141 : Found opcode in column 1. (CLRF)
Warning[203] C:\USERS\LUIZG\DOCUMENTS\6∞PERÌODO\MICROCONTROLADORES\EXERCICIO3.X\MAIN.ASM 143 : Found opcode in column 1. (MOVLW)
Warning[203] C:\USERS\LUIZG\DOCUMENTS\6∞PERÌODO\MICROCONTROLADORES\EXERCICIO3.X\MAIN.ASM 144 : Found opcode in column 1. (MOVWF)
Warning[203] C:\USERS\LUIZG\DOCUMENTS\6∞PERÌODO\MICROCONTROLADORES\EXERCICIO3.X\MAIN.ASM 151 : Found opcode in column 1. (MOVF)
Warning[203] C:\USERS\LUIZG\DOCUMENTS\6∞PERÌODO\MICROCONTROLADORES\EXERCICIO3.X\MAIN.ASM 152 : Found opcode in column 1. (MOVWF)
Warning[203] C:\USERS\LUIZG\DOCUMENTS\6∞PERÌODO\MICROCONTROLADORES\EXERCICIO3.X\MAIN.ASM 154 : Found opcode in column 1. (MOVLW)
Warning[203] C:\USERS\LUIZG\DOCUMENTS\6∞PERÌODO\MICROCONTROLADORES\EXERCICIO3.X\MAIN.ASM 155 : Found opcode in column 1. (MOVWF)
Warning[203] C:\USERS\LUIZG\DOCUMENTS\6∞PERÌODO\MICROCONTROLADORES\EXERCICIO3.X\MAIN.ASM 159 : Found opcode in column 1. (BTFSC)
Warning[203] C:\USERS\LUIZG\DOCUMENTS\6∞PERÌODO\MICROCONTROLADORES\EXERCICIO3.X\MAIN.ASM 160 : Found opcode in column 1. (GOTO)
Warning[203] C:\USERS\LUIZG\DOCUMENTS\6∞PERÌODO\MICROCONTROLADORES\EXERCICIO3.X\MAIN.ASM 162 : Found opcode in column 1. (DECFSZ)
Warning[203] C:\USERS\LUIZG\DOCUMENTS\6∞PERÌODO\MICROCONTROLADORES\EXERCICIO3.X\MAIN.ASM 163 : Found opcode in column 1. (GOTO)
Warning[203] C:\USERS\LUIZG\DOCUMENTS\6∞PERÌODO\MICROCONTROLADORES\EXERCICIO3.X\MAIN.ASM 167 : Found opcode in column 1. (BTFSS)
Warning[203] C:\USERS\LUIZG\DOCUMENTS\6∞PERÌODO\MICROCONTROLADORES\EXERCICIO3.X\MAIN.ASM 168 : Found opcode in column 1. (GOTO)
Warning[203] C:\USERS\LUIZG\DOCUMENTS\6∞PERÌODO\MICROCONTROLADORES\EXERCICIO3.X\MAIN.ASM 172 : Found opcode in column 1. (DECF)
Warning[203] C:\USERS\LUIZG\DOCUMENTS\6∞PERÌODO\MICROCONTROLADORES\EXERCICIO3.X\MAIN.ASM 174 : Found opcode in column 1. (MOVLW)
Warning[203] C:\USERS\LUIZG\DOCUMENTS\6∞PERÌODO\MICROCONTROLADORES\EXERCICIO3.X\MAIN.ASM 175 : Found opcode in column 1. (SUBWF)
Warning[203] C:\USERS\LUIZG\DOCUMENTS\6∞PERÌODO\MICROCONTROLADORES\EXERCICIO3.X\MAIN.ASM 177 : Found opcode in column 1. (BTFSC)
Warning[203] C:\USERS\LUIZG\DOCUMENTS\6∞PERÌODO\MICROCONTROLADORES\EXERCICIO3.X\MAIN.ASM 178 : Found opcode in column 1. (BCF)
Warning[203] C:\USERS\LUIZG\DOCUMENTS\6∞PERÌODO\MICROCONTROLADORES\EXERCICIO3.X\MAIN.ASM 179 : Found opcode in column 1. (GOTO)
Warning[203] C:\USERS\LUIZG\DOCUMENTS\6∞PERÌODO\MICROCONTROLADORES\EXERCICIO3.X\MAIN.ASM 183 : Found opcode in column 1. (INCF)
Warning[203] C:\USERS\LUIZG\DOCUMENTS\6∞PERÌODO\MICROCONTROLADORES\EXERCICIO3.X\MAIN.ASM 184 : Found opcode in column 1. (MOVLW)
Warning[203] C:\USERS\LUIZG\DOCUMENTS\6∞PERÌODO\MICROCONTROLADORES\EXERCICIO3.X\MAIN.ASM 185 : Found opcode in column 1. (SUBWF)
Warning[203] C:\USERS\LUIZG\DOCUMENTS\6∞PERÌODO\MICROCONTROLADORES\EXERCICIO3.X\MAIN.ASM 186 : Found opcode in column 1. (BTFSC)
Warning[203] C:\USERS\LUIZG\DOCUMENTS\6∞PERÌODO\MICROCONTROLADORES\EXERCICIO3.X\MAIN.ASM 187 : Found opcode in column 1. (BSF)
Warning[203] C:\USERS\LUIZG\DOCUMENTS\6∞PERÌODO\MICROCONTROLADORES\EXERCICIO3.X\MAIN.ASM 191 : Found opcode in column 1. (MOVF)
Warning[203] C:\USERS\LUIZG\DOCUMENTS\6∞PERÌODO\MICROCONTROLADORES\EXERCICIO3.X\MAIN.ASM 192 : Found opcode in column 1. (MOVWF)
Warning[203] C:\USERS\LUIZG\DOCUMENTS\6∞PERÌODO\MICROCONTROLADORES\EXERCICIO3.X\MAIN.ASM 193 : Found opcode in column 1. (BTFSS)
Warning[203] C:\USERS\LUIZG\DOCUMENTS\6∞PERÌODO\MICROCONTROLADORES\EXERCICIO3.X\MAIN.ASM 194 : Found opcode in column 1. (GOTO)
Warning[203] C:\USERS\LUIZG\DOCUMENTS\6∞PERÌODO\MICROCONTROLADORES\EXERCICIO3.X\MAIN.ASM 195 : Found opcode in column 1. (GOTO)
Warning[203] C:\USERS\LUIZG\DOCUMENTS\6∞PERÌODO\MICROCONTROLADORES\EXERCICIO3.X\MAIN.ASM 198 : Found opcode in column 1. (BCF)
Warning[203] C:\USERS\LUIZG\DOCUMENTS\6∞PERÌODO\MICROCONTROLADORES\EXERCICIO3.X\MAIN.ASM 199 : Found opcode in column 1. (BCF)
Warning[203] C:\USERS\LUIZG\DOCUMENTS\6∞PERÌODO\MICROCONTROLADORES\EXERCICIO3.X\MAIN.ASM 200 : Found opcode in column 1. (GOTO)
Warning[203] C:\USERS\LUIZG\DOCUMENTS\6∞PERÌODO\MICROCONTROLADORES\EXERCICIO3.X\MAIN.ASM 203 : Found opcode in column 1. (BSF)
Warning[203] C:\USERS\LUIZG\DOCUMENTS\6∞PERÌODO\MICROCONTROLADORES\EXERCICIO3.X\MAIN.ASM 204 : Found opcode in column 1. (BCF)
Warning[203] C:\USERS\LUIZG\DOCUMENTS\6∞PERÌODO\MICROCONTROLADORES\EXERCICIO3.X\MAIN.ASM 205 : Found opcode in column 1. (GOTO)
Warning[203] C:\USERS\LUIZG\DOCUMENTS\6∞PERÌODO\MICROCONTROLADORES\EXERCICIO3.X\MAIN.ASM 209 : Found opcode in column 1. (BTFSS)
Warning[203] C:\USERS\LUIZG\DOCUMENTS\6∞PERÌODO\MICROCONTROLADORES\EXERCICIO3.X\MAIN.ASM 210 : Found opcode in column 1. (GOTO)
Warning[203] C:\USERS\LUIZG\DOCUMENTS\6∞PERÌODO\MICROCONTROLADORES\EXERCICIO3.X\MAIN.ASM 211 : Found opcode in column 1. (GOTO)
Warning[203] C:\USERS\LUIZG\DOCUMENTS\6∞PERÌODO\MICROCONTROLADORES\EXERCICIO3.X\MAIN.ASM 214 : Found opcode in column 1. (BTFSS)
Warning[203] C:\USERS\LUIZG\DOCUMENTS\6∞PERÌODO\MICROCONTROLADORES\EXERCICIO3.X\MAIN.ASM 215 : Found opcode in column 1. (GOTO)
Warning[203] C:\USERS\LUIZG\DOCUMENTS\6∞PERÌODO\MICROCONTROLADORES\EXERCICIO3.X\MAIN.ASM 216 : Found opcode in column 1. (GOTO)
Warning[203] C:\USERS\LUIZG\DOCUMENTS\6∞PERÌODO\MICROCONTROLADORES\EXERCICIO3.X\MAIN.ASM 219 : Found opcode in column 1. (BSF)
Warning[203] C:\USERS\LUIZG\DOCUMENTS\6∞PERÌODO\MICROCONTROLADORES\EXERCICIO3.X\MAIN.ASM 220 : Found opcode in column 1. (BCF)
Warning[203] C:\USERS\LUIZG\DOCUMENTS\6∞PERÌODO\MICROCONTROLADORES\EXERCICIO3.X\MAIN.ASM 221 : Found opcode in column 1. (MOVLW)
Warning[203] C:\USERS\LUIZG\DOCUMENTS\6∞PERÌODO\MICROCONTROLADORES\EXERCICIO3.X\MAIN.ASM 222 : Found opcode in column 1. (MOVWF)
Warning[203] C:\USERS\LUIZG\DOCUMENTS\6∞PERÌODO\MICROCONTROLADORES\EXERCICIO3.X\MAIN.ASM 223 : Found opcode in column 1. (GOTO)
Warning[203] C:\USERS\LUIZG\DOCUMENTS\6∞PERÌODO\MICROCONTROLADORES\EXERCICIO3.X\MAIN.ASM 226 : Found opcode in column 1. (BCF)
Warning[203] C:\USERS\LUIZG\DOCUMENTS\6∞PERÌODO\MICROCONTROLADORES\EXERCICIO3.X\MAIN.ASM 227 : Found opcode in column 1. (BCF)
Warning[203] C:\USERS\LUIZG\DOCUMENTS\6∞PERÌODO\MICROCONTROLADORES\EXERCICIO3.X\MAIN.ASM 228 : Found opcode in column 1. (MOVLW)
Warning[203] C:\USERS\LUIZG\DOCUMENTS\6∞PERÌODO\MICROCONTROLADORES\EXERCICIO3.X\MAIN.ASM 229 : Found opcode in column 1. (MOVWF)
Warning[203] C:\USERS\LUIZG\DOCUMENTS\6∞PERÌODO\MICROCONTROLADORES\EXERCICIO3.X\MAIN.ASM 230 : Found opcode in column 1. (GOTO)
Warning[205] C:\USERS\LUIZG\DOCUMENTS\6∞PERÌODO\MICROCONTROLADORES\EXERCICIO3.X\MAIN.ASM 236 : Found directive in column 1. (END)
