Warning[205] C:\USERS\LUIZG\DOCUMENTS\6∞PERÌODO\MICROCONTROLADORES\EXERCICIO4.X\MAIN.ASM 8 : Found directive in column 1. (__CONFIG)
Warning[205] C:\USERS\LUIZG\DOCUMENTS\6∞PERÌODO\MICROCONTROLADORES\EXERCICIO4.X\MAIN.ASM 26 : Found directive in column 1. (CBLOCK)
Warning[205] C:\USERS\LUIZG\DOCUMENTS\6∞PERÌODO\MICROCONTROLADORES\EXERCICIO4.X\MAIN.ASM 36 : Found directive in column 1. (ENDC)
Warning[205] C:\USERS\LUIZG\DOCUMENTS\6∞PERÌODO\MICROCONTROLADORES\EXERCICIO4.X\MAIN.ASM 77 : Found directive in column 1. (ORG)
Warning[203] C:\USERS\LUIZG\DOCUMENTS\6∞PERÌODO\MICROCONTROLADORES\EXERCICIO4.X\MAIN.ASM 78 : Found opcode in column 1. (GOTO)
Warning[205] C:\USERS\LUIZG\DOCUMENTS\6∞PERÌODO\MICROCONTROLADORES\EXERCICIO4.X\MAIN.ASM 87 : Found directive in column 1. (ORG)
Warning[203] C:\USERS\LUIZG\DOCUMENTS\6∞PERÌODO\MICROCONTROLADORES\EXERCICIO4.X\MAIN.ASM 89 : Found opcode in column 1. (MOVWF)
Warning[203] C:\USERS\LUIZG\DOCUMENTS\6∞PERÌODO\MICROCONTROLADORES\EXERCICIO4.X\MAIN.ASM 90 : Found opcode in column 1. (SWAPF)
Warning[203] C:\USERS\LUIZG\DOCUMENTS\6∞PERÌODO\MICROCONTROLADORES\EXERCICIO4.X\MAIN.ASM 92 : Found opcode in column 1. (MOVWF)
Warning[203] C:\USERS\LUIZG\DOCUMENTS\6∞PERÌODO\MICROCONTROLADORES\EXERCICIO4.X\MAIN.ASM 97 : Found opcode in column 1. (BTFSS)
Warning[203] C:\USERS\LUIZG\DOCUMENTS\6∞PERÌODO\MICROCONTROLADORES\EXERCICIO4.X\MAIN.ASM 98 : Found opcode in column 1. (GOTO)
Warning[203] C:\USERS\LUIZG\DOCUMENTS\6∞PERÌODO\MICROCONTROLADORES\EXERCICIO4.X\MAIN.ASM 99 : Found opcode in column 1. (GOTO)
Warning[203] C:\USERS\LUIZG\DOCUMENTS\6∞PERÌODO\MICROCONTROLADORES\EXERCICIO4.X\MAIN.ASM 119 : Found opcode in column 1. (SWAPF)
Warning[203] C:\USERS\LUIZG\DOCUMENTS\6∞PERÌODO\MICROCONTROLADORES\EXERCICIO4.X\MAIN.ASM 120 : Found opcode in column 1. (MOVWF)
Warning[203] C:\USERS\LUIZG\DOCUMENTS\6∞PERÌODO\MICROCONTROLADORES\EXERCICIO4.X\MAIN.ASM 121 : Found opcode in column 1. (SWAPF)
Warning[203] C:\USERS\LUIZG\DOCUMENTS\6∞PERÌODO\MICROCONTROLADORES\EXERCICIO4.X\MAIN.ASM 122 : Found opcode in column 1. (SWAPF)
Warning[203] C:\USERS\LUIZG\DOCUMENTS\6∞PERÌODO\MICROCONTROLADORES\EXERCICIO4.X\MAIN.ASM 126 : Found opcode in column 1. (BCF)
Warning[203] C:\USERS\LUIZG\DOCUMENTS\6∞PERÌODO\MICROCONTROLADORES\EXERCICIO4.X\MAIN.ASM 127 : Found opcode in column 1. (RETFIE)
Warning[203] C:\USERS\LUIZG\DOCUMENTS\6∞PERÌODO\MICROCONTROLADORES\EXERCICIO4.X\MAIN.ASM 137 : Found opcode in column 1. (BSF)
Warning[203] C:\USERS\LUIZG\DOCUMENTS\6∞PERÌODO\MICROCONTROLADORES\EXERCICIO4.X\MAIN.ASM 138 : Found opcode in column 1. (MOVLW)
Warning[203] C:\USERS\LUIZG\DOCUMENTS\6∞PERÌODO\MICROCONTROLADORES\EXERCICIO4.X\MAIN.ASM 139 : Found opcode in column 1. (MOVWF)
Message[302] C:\USERS\LUIZG\DOCUMENTS\6∞PERÌODO\MICROCONTROLADORES\EXERCICIO4.X\MAIN.ASM 139 : Register in operand not in bank 0.  Ensure that bank bits are correct.
Warning[203] C:\USERS\LUIZG\DOCUMENTS\6∞PERÌODO\MICROCONTROLADORES\EXERCICIO4.X\MAIN.ASM 141 : Found opcode in column 1. (MOVLW)
Warning[203] C:\USERS\LUIZG\DOCUMENTS\6∞PERÌODO\MICROCONTROLADORES\EXERCICIO4.X\MAIN.ASM 142 : Found opcode in column 1. (MOVWF)
Message[302] C:\USERS\LUIZG\DOCUMENTS\6∞PERÌODO\MICROCONTROLADORES\EXERCICIO4.X\MAIN.ASM 142 : Register in operand not in bank 0.  Ensure that bank bits are correct.
Warning[203] C:\USERS\LUIZG\DOCUMENTS\6∞PERÌODO\MICROCONTROLADORES\EXERCICIO4.X\MAIN.ASM 145 : Found opcode in column 1. (MOVLW)
Warning[203] C:\USERS\LUIZG\DOCUMENTS\6∞PERÌODO\MICROCONTROLADORES\EXERCICIO4.X\MAIN.ASM 146 : Found opcode in column 1. (MOVWF)
Message[302] C:\USERS\LUIZG\DOCUMENTS\6∞PERÌODO\MICROCONTROLADORES\EXERCICIO4.X\MAIN.ASM 146 : Register in operand not in bank 0.  Ensure that bank bits are correct.
Warning[203] C:\USERS\LUIZG\DOCUMENTS\6∞PERÌODO\MICROCONTROLADORES\EXERCICIO4.X\MAIN.ASM 149 : Found opcode in column 1. (MOVLW)
Warning[203] C:\USERS\LUIZG\DOCUMENTS\6∞PERÌODO\MICROCONTROLADORES\EXERCICIO4.X\MAIN.ASM 150 : Found opcode in column 1. (MOVWF)
Warning[203] C:\USERS\LUIZG\DOCUMENTS\6∞PERÌODO\MICROCONTROLADORES\EXERCICIO4.X\MAIN.ASM 152 : Found opcode in column 1. (BCF)
Warning[203] C:\USERS\LUIZG\DOCUMENTS\6∞PERÌODO\MICROCONTROLADORES\EXERCICIO4.X\MAIN.ASM 157 : Found opcode in column 1. (CLRF)
Warning[203] C:\USERS\LUIZG\DOCUMENTS\6∞PERÌODO\MICROCONTROLADORES\EXERCICIO4.X\MAIN.ASM 158 : Found opcode in column 1. (CLRF)
Warning[203] C:\USERS\LUIZG\DOCUMENTS\6∞PERÌODO\MICROCONTROLADORES\EXERCICIO4.X\MAIN.ASM 160 : Found opcode in column 1. (MOVLW)
Warning[203] C:\USERS\LUIZG\DOCUMENTS\6∞PERÌODO\MICROCONTROLADORES\EXERCICIO4.X\MAIN.ASM 161 : Found opcode in column 1. (MOVWF)
Warning[203] C:\USERS\LUIZG\DOCUMENTS\6∞PERÌODO\MICROCONTROLADORES\EXERCICIO4.X\MAIN.ASM 168 : Found opcode in column 1. (MOVF)
Warning[203] C:\USERS\LUIZG\DOCUMENTS\6∞PERÌODO\MICROCONTROLADORES\EXERCICIO4.X\MAIN.ASM 169 : Found opcode in column 1. (MOVWF)
Warning[203] C:\USERS\LUIZG\DOCUMENTS\6∞PERÌODO\MICROCONTROLADORES\EXERCICIO4.X\MAIN.ASM 171 : Found opcode in column 1. (MOVLW)
Warning[203] C:\USERS\LUIZG\DOCUMENTS\6∞PERÌODO\MICROCONTROLADORES\EXERCICIO4.X\MAIN.ASM 172 : Found opcode in column 1. (MOVWF)
Warning[203] C:\USERS\LUIZG\DOCUMENTS\6∞PERÌODO\MICROCONTROLADORES\EXERCICIO4.X\MAIN.ASM 176 : Found opcode in column 1. (BTFSC)
Warning[203] C:\USERS\LUIZG\DOCUMENTS\6∞PERÌODO\MICROCONTROLADORES\EXERCICIO4.X\MAIN.ASM 177 : Found opcode in column 1. (GOTO)
Warning[203] C:\USERS\LUIZG\DOCUMENTS\6∞PERÌODO\MICROCONTROLADORES\EXERCICIO4.X\MAIN.ASM 179 : Found opcode in column 1. (DECFSZ)
Warning[203] C:\USERS\LUIZG\DOCUMENTS\6∞PERÌODO\MICROCONTROLADORES\EXERCICIO4.X\MAIN.ASM 180 : Found opcode in column 1. (GOTO)
Warning[203] C:\USERS\LUIZG\DOCUMENTS\6∞PERÌODO\MICROCONTROLADORES\EXERCICIO4.X\MAIN.ASM 184 : Found opcode in column 1. (BTFSS)
Warning[203] C:\USERS\LUIZG\DOCUMENTS\6∞PERÌODO\MICROCONTROLADORES\EXERCICIO4.X\MAIN.ASM 185 : Found opcode in column 1. (GOTO)
Warning[203] C:\USERS\LUIZG\DOCUMENTS\6∞PERÌODO\MICROCONTROLADORES\EXERCICIO4.X\MAIN.ASM 189 : Found opcode in column 1. (DECF)
Warning[203] C:\USERS\LUIZG\DOCUMENTS\6∞PERÌODO\MICROCONTROLADORES\EXERCICIO4.X\MAIN.ASM 191 : Found opcode in column 1. (MOVLW)
Warning[203] C:\USERS\LUIZG\DOCUMENTS\6∞PERÌODO\MICROCONTROLADORES\EXERCICIO4.X\MAIN.ASM 192 : Found opcode in column 1. (SUBWF)
Warning[203] C:\USERS\LUIZG\DOCUMENTS\6∞PERÌODO\MICROCONTROLADORES\EXERCICIO4.X\MAIN.ASM 194 : Found opcode in column 1. (BTFSC)
Warning[203] C:\USERS\LUIZG\DOCUMENTS\6∞PERÌODO\MICROCONTROLADORES\EXERCICIO4.X\MAIN.ASM 195 : Found opcode in column 1. (BCF)
Warning[203] C:\USERS\LUIZG\DOCUMENTS\6∞PERÌODO\MICROCONTROLADORES\EXERCICIO4.X\MAIN.ASM 196 : Found opcode in column 1. (GOTO)
Warning[203] C:\USERS\LUIZG\DOCUMENTS\6∞PERÌODO\MICROCONTROLADORES\EXERCICIO4.X\MAIN.ASM 200 : Found opcode in column 1. (INCF)
Warning[203] C:\USERS\LUIZG\DOCUMENTS\6∞PERÌODO\MICROCONTROLADORES\EXERCICIO4.X\MAIN.ASM 201 : Found opcode in column 1. (MOVLW)
Warning[203] C:\USERS\LUIZG\DOCUMENTS\6∞PERÌODO\MICROCONTROLADORES\EXERCICIO4.X\MAIN.ASM 202 : Found opcode in column 1. (SUBWF)
Warning[203] C:\USERS\LUIZG\DOCUMENTS\6∞PERÌODO\MICROCONTROLADORES\EXERCICIO4.X\MAIN.ASM 203 : Found opcode in column 1. (BTFSC)
Warning[203] C:\USERS\LUIZG\DOCUMENTS\6∞PERÌODO\MICROCONTROLADORES\EXERCICIO4.X\MAIN.ASM 204 : Found opcode in column 1. (BSF)
Warning[203] C:\USERS\LUIZG\DOCUMENTS\6∞PERÌODO\MICROCONTROLADORES\EXERCICIO4.X\MAIN.ASM 208 : Found opcode in column 1. (MOVF)
Warning[203] C:\USERS\LUIZG\DOCUMENTS\6∞PERÌODO\MICROCONTROLADORES\EXERCICIO4.X\MAIN.ASM 209 : Found opcode in column 1. (MOVWF)
Warning[203] C:\USERS\LUIZG\DOCUMENTS\6∞PERÌODO\MICROCONTROLADORES\EXERCICIO4.X\MAIN.ASM 210 : Found opcode in column 1. (BTFSS)
Warning[203] C:\USERS\LUIZG\DOCUMENTS\6∞PERÌODO\MICROCONTROLADORES\EXERCICIO4.X\MAIN.ASM 211 : Found opcode in column 1. (GOTO)
Warning[203] C:\USERS\LUIZG\DOCUMENTS\6∞PERÌODO\MICROCONTROLADORES\EXERCICIO4.X\MAIN.ASM 212 : Found opcode in column 1. (GOTO)
Warning[203] C:\USERS\LUIZG\DOCUMENTS\6∞PERÌODO\MICROCONTROLADORES\EXERCICIO4.X\MAIN.ASM 215 : Found opcode in column 1. (BCF)
Warning[203] C:\USERS\LUIZG\DOCUMENTS\6∞PERÌODO\MICROCONTROLADORES\EXERCICIO4.X\MAIN.ASM 216 : Found opcode in column 1. (BCF)
Warning[203] C:\USERS\LUIZG\DOCUMENTS\6∞PERÌODO\MICROCONTROLADORES\EXERCICIO4.X\MAIN.ASM 217 : Found opcode in column 1. (GOTO)
Warning[203] C:\USERS\LUIZG\DOCUMENTS\6∞PERÌODO\MICROCONTROLADORES\EXERCICIO4.X\MAIN.ASM 220 : Found opcode in column 1. (BSF)
Warning[203] C:\USERS\LUIZG\DOCUMENTS\6∞PERÌODO\MICROCONTROLADORES\EXERCICIO4.X\MAIN.ASM 221 : Found opcode in column 1. (BCF)
Warning[203] C:\USERS\LUIZG\DOCUMENTS\6∞PERÌODO\MICROCONTROLADORES\EXERCICIO4.X\MAIN.ASM 222 : Found opcode in column 1. (GOTO)
Warning[203] C:\USERS\LUIZG\DOCUMENTS\6∞PERÌODO\MICROCONTROLADORES\EXERCICIO4.X\MAIN.ASM 226 : Found opcode in column 1. (BTFSS)
Warning[203] C:\USERS\LUIZG\DOCUMENTS\6∞PERÌODO\MICROCONTROLADORES\EXERCICIO4.X\MAIN.ASM 227 : Found opcode in column 1. (GOTO)
Warning[203] C:\USERS\LUIZG\DOCUMENTS\6∞PERÌODO\MICROCONTROLADORES\EXERCICIO4.X\MAIN.ASM 228 : Found opcode in column 1. (GOTO)
Message[302] C:\USERS\LUIZG\DOCUMENTS\6∞PERÌODO\MICROCONTROLADORES\EXERCICIO4.X\MAIN.ASM 234 : Register in operand not in bank 0.  Ensure that bank bits are correct.
Message[302] C:\USERS\LUIZG\DOCUMENTS\6∞PERÌODO\MICROCONTROLADORES\EXERCICIO4.X\MAIN.ASM 259 : Register in operand not in bank 0.  Ensure that bank bits are correct.
Message[302] C:\USERS\LUIZG\DOCUMENTS\6∞PERÌODO\MICROCONTROLADORES\EXERCICIO4.X\MAIN.ASM 283 : Register in operand not in bank 0.  Ensure that bank bits are correct.
Message[302] C:\USERS\LUIZG\DOCUMENTS\6∞PERÌODO\MICROCONTROLADORES\EXERCICIO4.X\MAIN.ASM 316 : Register in operand not in bank 0.  Ensure that bank bits are correct.
Message[302] C:\USERS\LUIZG\DOCUMENTS\6∞PERÌODO\MICROCONTROLADORES\EXERCICIO4.X\MAIN.ASM 346 : Register in operand not in bank 0.  Ensure that bank bits are correct.
Message[302] C:\USERS\LUIZG\DOCUMENTS\6∞PERÌODO\MICROCONTROLADORES\EXERCICIO4.X\MAIN.ASM 373 : Register in operand not in bank 0.  Ensure that bank bits are correct.
Message[302] C:\USERS\LUIZG\DOCUMENTS\6∞PERÌODO\MICROCONTROLADORES\EXERCICIO4.X\MAIN.ASM 397 : Register in operand not in bank 0.  Ensure that bank bits are correct.
Message[302] C:\USERS\LUIZG\DOCUMENTS\6∞PERÌODO\MICROCONTROLADORES\EXERCICIO4.X\MAIN.ASM 422 : Register in operand not in bank 0.  Ensure that bank bits are correct.
Message[302] C:\USERS\LUIZG\DOCUMENTS\6∞PERÌODO\MICROCONTROLADORES\EXERCICIO4.X\MAIN.ASM 451 : Register in operand not in bank 0.  Ensure that bank bits are correct.
Warning[205] C:\USERS\LUIZG\DOCUMENTS\6∞PERÌODO\MICROCONTROLADORES\EXERCICIO4.X\MAIN.ASM 478 : Found directive in column 1. (END)
